SF:lib\domain\usecases\search_movies.dart
DA:9,1
DA:11,1
DA:12,2
LF:3
LH:3
end_of_record
SF:lib\domain\usecases\search_tvs.dart
DA:9,1
DA:11,1
DA:12,2
LF:3
LH:3
end_of_record
SF:lib\presentation\bloc\movie\search_bloc.dart
DA:18,3
DA:20,1
DA:25,1
DA:26,1
DA:32,1
DA:33,1
DA:34,1
DA:36,2
DA:37,3
DA:39,2
DA:40,1
DA:41,3
DA:43,1
DA:44,1
DA:45,2
DA:47,2
LF:16
LH:16
end_of_record
SF:lib\presentation\bloc\movie\search_state.dart
DA:4,2
DA:6,1
DA:7,1
DA:19,2
DA:21,1
DA:22,2
DA:28,1
DA:30,1
DA:31,2
LF:9
LH:9
end_of_record
SF:lib\presentation\bloc\movie\search_event.dart
DA:4,1
DA:6,0
DA:7,0
DA:13,1
DA:15,0
DA:16,0
LF:6
LH:2
end_of_record
SF:lib\presentation\bloc\tv_show\tv_search_state.dart
DA:4,2
DA:6,1
DA:7,1
DA:19,2
DA:21,1
DA:22,2
DA:28,1
DA:30,1
DA:31,2
LF:9
LH:9
end_of_record
SF:lib\presentation\bloc\tv_show\tv_search_event.dart
DA:4,1
DA:6,0
DA:7,0
DA:13,1
DA:15,0
DA:16,0
LF:6
LH:2
end_of_record
SF:lib\presentation\bloc\tv_show\tv_search_bloc.dart
DA:18,3
DA:20,1
DA:25,1
DA:26,1
DA:32,1
DA:33,1
DA:34,1
DA:36,2
DA:37,3
DA:39,2
DA:40,1
DA:41,3
DA:43,1
DA:44,1
DA:45,2
DA:47,2
LF:16
LH:16
end_of_record
