SF:lib\domain\usecases\movie_get_watchlist.dart
DA:9,1
DA:11,1
DA:12,2
LF:3
LH:3
end_of_record
SF:lib\domain\usecases\tv_show_get_watchlist.dart
DA:9,1
DA:11,1
DA:12,2
LF:3
LH:3
end_of_record
SF:lib\presentation\bloc\tv_show\tv_watchlist_state.dart
DA:4,2
DA:6,1
DA:7,1
DA:17,2
DA:19,1
DA:20,2
DA:26,1
DA:28,1
DA:29,2
LF:9
LH:9
end_of_record
SF:lib\presentation\bloc\tv_show\tv_watchlist_event.dart
DA:4,1
DA:6,0
DA:7,0
LF:3
LH:1
end_of_record
SF:lib\presentation\bloc\tv_show\tv_watchlist_bloc.dart
DA:15,3
DA:18,1
DA:19,1
DA:20,2
DA:21,3
DA:23,2
DA:24,1
DA:25,3
DA:27,1
DA:28,1
DA:29,0
DA:31,2
LF:12
LH:11
end_of_record
SF:lib\presentation\bloc\movie\movie_watchlist_event.dart
DA:4,1
DA:6,0
DA:7,0
LF:3
LH:1
end_of_record
SF:lib\presentation\bloc\movie\movie_watchlist_bloc.dart
DA:17,3
DA:20,1
DA:22,1
DA:23,2
DA:24,3
DA:26,2
DA:27,1
DA:28,3
DA:30,1
DA:31,1
DA:32,0
DA:34,2
LF:12
LH:11
end_of_record
SF:lib\presentation\bloc\movie\movie_watchlist_state.dart
DA:4,2
DA:6,1
DA:7,1
DA:17,2
DA:19,1
DA:20,2
DA:26,1
DA:28,1
DA:29,2
LF:9
LH:9
end_of_record
