SF:./core/lib\data\datasources\movie_local_data_source.dart
DA:15,1
DA:18,1
DA:20,3
DA:23,2
DA:28,1
DA:30,3
DA:33,2
DA:38,1
DA:39,3
DA:41,1
DA:48,1
DA:49,3
DA:50,4
LF:13
LH:13
end_of_record
SF:./core/lib\utils\exception.dart
DA:6,4
DA:12,2
LF:2
LH:2
end_of_record
SF:./core/lib\data\models\movie_table.dart
DA:13,18
DA:20,4
DA:21,2
DA:22,2
DA:23,2
DA:24,2
DA:27,4
DA:28,2
DA:29,2
DA:30,2
DA:31,2
DA:34,2
DA:35,1
DA:36,1
DA:37,1
DA:38,1
DA:41,2
DA:42,1
DA:43,1
DA:44,1
DA:45,1
DA:48,4
DA:49,2
DA:50,2
DA:51,2
DA:52,2
DA:55,3
DA:56,15
LF:28
LH:28
end_of_record
SF:./core/lib\data\models\tv_table.dart
DA:7,18
DA:19,4
DA:20,2
DA:21,2
DA:22,2
DA:23,2
DA:26,4
DA:27,2
DA:28,2
DA:29,2
DA:30,2
DA:33,4
DA:34,2
DA:35,2
DA:36,2
DA:37,2
DA:40,2
DA:41,1
DA:42,1
DA:43,1
DA:44,1
DA:47,4
DA:48,2
DA:49,2
DA:50,2
DA:51,2
DA:54,3
DA:55,3
DA:56,3
DA:57,3
DA:58,3
DA:59,3
LF:32
LH:32
end_of_record
SF:./core/lib\domain\entities\genre.dart
DA:4,23
DA:12,5
DA:13,15
LF:3
LH:3
end_of_record
SF:./core/lib\domain\entities\movie.dart
DA:4,7
DA:20,2
DA:41,6
DA:42,6
DA:43,6
DA:44,6
DA:45,6
DA:46,6
DA:47,6
DA:48,6
DA:49,6
DA:50,6
DA:51,6
DA:52,6
DA:53,6
DA:54,6
DA:55,6
LF:17
LH:17
end_of_record
SF:./core/lib\domain\entities\movie_detail.dart
DA:6,18
DA:34,2
DA:35,2
DA:36,2
DA:37,2
DA:38,2
DA:39,2
DA:40,2
DA:41,2
DA:42,2
DA:43,2
DA:44,2
DA:45,2
DA:46,2
LF:14
LH:14
end_of_record
SF:./core/lib\domain\entities\season.dart
DA:4,20
DA:22,3
DA:23,3
DA:24,3
DA:25,3
DA:26,3
DA:27,3
DA:28,3
DA:29,3
DA:30,3
LF:10
LH:10
end_of_record
SF:./core/lib\domain\entities\tv.dart
DA:6,6
DA:22,2
DA:43,5
DA:44,5
DA:45,5
DA:46,5
DA:47,5
DA:48,5
DA:49,5
DA:50,5
DA:51,5
DA:52,5
DA:53,5
DA:54,5
DA:55,5
DA:56,5
DA:57,5
LF:17
LH:17
end_of_record
SF:./core/lib\domain\entities\tv_detail.dart
DA:6,18
DA:40,2
DA:41,2
DA:42,2
DA:43,2
DA:44,2
DA:45,2
DA:46,2
DA:47,2
DA:48,2
DA:49,2
DA:50,2
DA:51,2
DA:52,2
DA:53,2
DA:54,2
DA:55,2
DA:56,2
LF:18
LH:18
end_of_record
SF:./core/lib\data\datasources\db\database_helper.dart
DA:10,0
DA:14,0
DA:18,0
DA:19,0
DA:28,0
DA:29,0
DA:30,0
DA:32,0
DA:36,0
DA:37,0
DA:44,0
DA:46,0
DA:54,0
DA:56,0
DA:63,0
DA:65,0
DA:73,0
DA:76,0
DA:78,0
DA:79,0
DA:80,0
DA:81,0
DA:82,0
DA:83,0
DA:88,0
DA:89,0
DA:90,0
DA:93,0
DA:99,0
DA:100,0
DA:101,0
DA:104,0
DA:108,0
DA:109,0
DA:110,0
DA:113,0
DA:114,0
DA:115,0
DA:118,0
DA:122,0
DA:123,0
DA:124,0
DA:127,0
DA:130,0
DA:131,0
DA:137,0
DA:138,0
DA:139,0
DA:144,0
DA:146,0
DA:147,0
DA:148,0
DA:149,0
DA:150,0
DA:151,0
DA:156,0
DA:157,0
DA:158,0
DA:161,0
DA:166,0
DA:167,0
DA:168,0
DA:171,0
DA:175,0
DA:176,0
DA:177,0
DA:180,0
DA:181,0
DA:182,0
DA:185,0
DA:189,0
DA:190,0
DA:191,0
DA:194,0
DA:197,0
DA:198,0
DA:204,0
DA:205,0
DA:206,0
LF:79
LH:0
end_of_record
SF:./core/lib\data\datasources\movie_remote_data_source.dart
DA:27,1
DA:30,1
DA:32,5
DA:34,2
DA:35,4
DA:37,1
DA:42,1
DA:44,5
DA:46,2
DA:47,3
DA:49,1
DA:54,1
DA:55,2
DA:56,3
DA:58,2
DA:59,4
DA:61,1
DA:66,1
DA:68,5
DA:70,2
DA:71,4
DA:73,1
DA:78,1
DA:80,5
DA:82,2
DA:83,4
DA:85,1
DA:90,1
DA:91,2
DA:92,3
DA:94,2
DA:95,4
DA:97,1
LF:33
LH:33
end_of_record
SF:./core/lib\data\datasources\tv_local_data_source.dart
DA:17,1
DA:20,1
DA:21,3
DA:22,3
DA:26,1
DA:27,3
DA:28,1
DA:29,4
DA:31,1
DA:36,1
DA:37,3
DA:39,1
DA:46,1
DA:47,3
DA:48,4
DA:52,1
DA:54,3
DA:57,2
DA:62,1
DA:64,3
DA:67,2
LF:21
LH:21
end_of_record
SF:./core/lib\data\datasources\tv_remote_data_source.dart
DA:22,1
DA:25,1
DA:27,5
DA:29,2
DA:30,4
DA:32,1
DA:37,1
DA:39,5
DA:41,2
DA:42,4
DA:44,1
DA:49,1
DA:51,5
DA:53,2
DA:54,4
DA:56,1
DA:61,1
DA:62,5
DA:64,2
DA:65,3
DA:67,1
DA:72,1
DA:73,2
DA:74,3
DA:76,2
DA:77,4
DA:79,1
DA:84,1
DA:85,2
DA:86,3
DA:88,2
DA:89,4
DA:91,1
LF:33
LH:33
end_of_record
SF:./core/lib\data\models\movie_detail_model.dart
DA:7,4
DA:53,2
DA:54,2
DA:55,2
DA:56,2
DA:57,2
DA:58,2
DA:59,8
DA:60,2
DA:61,2
DA:62,2
DA:63,2
DA:64,2
DA:65,2
DA:66,4
DA:67,2
DA:68,2
DA:69,2
DA:70,2
DA:71,2
DA:72,2
DA:73,2
DA:74,2
DA:75,4
DA:76,2
DA:79,2
DA:80,1
DA:81,1
DA:82,1
DA:83,5
DA:84,1
DA:85,1
DA:86,1
DA:87,1
DA:88,1
DA:89,1
DA:90,1
DA:91,1
DA:92,1
DA:93,1
DA:94,1
DA:95,1
DA:96,1
DA:97,1
DA:98,1
DA:99,1
DA:100,1
DA:103,2
DA:104,2
DA:105,2
DA:106,2
DA:107,10
DA:108,2
DA:109,2
DA:110,2
DA:111,2
DA:112,2
DA:113,2
DA:114,2
DA:115,2
DA:116,2
DA:120,2
DA:121,2
DA:122,2
DA:123,2
DA:124,2
DA:125,2
DA:126,2
DA:127,2
DA:128,2
DA:129,2
DA:130,2
DA:131,2
DA:132,2
DA:133,2
DA:134,2
DA:135,2
DA:136,2
DA:137,2
DA:138,2
DA:139,2
DA:140,2
DA:141,2
DA:142,2
LF:84
LH:84
end_of_record
SF:./core/lib\data\models\movie_model.dart
DA:5,6
DA:35,4
DA:36,2
DA:37,2
DA:38,8
DA:39,2
DA:40,2
DA:41,2
DA:42,4
DA:43,2
DA:44,2
DA:45,2
DA:46,2
DA:47,4
DA:48,2
DA:51,2
DA:52,1
DA:53,1
DA:54,4
DA:55,1
DA:56,1
DA:57,1
DA:58,1
DA:59,1
DA:60,1
DA:61,1
DA:62,1
DA:63,1
DA:64,1
DA:67,2
DA:68,2
DA:69,2
DA:70,2
DA:71,2
DA:72,2
DA:73,2
DA:74,2
DA:75,2
DA:76,2
DA:77,2
DA:78,2
DA:79,2
DA:80,2
DA:81,2
DA:85,2
DA:86,2
DA:87,2
DA:88,2
DA:89,2
DA:90,2
DA:91,2
DA:92,2
DA:93,2
DA:94,2
DA:95,2
DA:96,2
DA:97,2
DA:98,2
DA:99,2
LF:59
LH:59
end_of_record
SF:./core/lib\data\models\tv_detail_model.dart
DA:8,4
DA:58,2
DA:59,2
DA:60,2
DA:61,8
DA:62,2
DA:63,8
DA:64,2
DA:65,8
DA:66,2
DA:67,2
DA:68,2
DA:69,2
DA:70,2
DA:71,2
DA:72,2
DA:73,2
DA:74,2
DA:75,2
DA:76,4
DA:77,2
DA:78,2
DA:79,8
DA:80,2
DA:81,2
DA:82,2
DA:83,4
DA:84,2
DA:87,2
DA:88,1
DA:89,4
DA:90,1
DA:91,1
DA:92,5
DA:93,1
DA:94,1
DA:95,1
DA:96,1
DA:97,1
DA:98,1
DA:99,1
DA:100,1
DA:101,1
DA:102,1
DA:103,1
DA:104,1
DA:105,5
DA:106,1
DA:107,1
DA:108,1
DA:109,1
DA:110,1
DA:113,2
DA:114,2
DA:115,2
DA:116,2
DA:117,10
DA:118,2
DA:119,2
DA:120,2
DA:121,2
DA:122,10
DA:123,2
DA:124,2
DA:125,2
DA:126,2
DA:127,2
DA:128,2
DA:129,2
DA:133,2
DA:134,2
DA:135,2
DA:136,2
DA:137,2
DA:138,2
DA:139,2
DA:140,2
DA:141,2
DA:142,2
DA:143,2
DA:144,2
DA:145,2
DA:146,2
DA:147,2
DA:148,2
DA:149,2
DA:150,2
DA:151,2
DA:152,2
DA:153,2
DA:154,2
DA:155,2
DA:156,2
LF:93
LH:93
end_of_record
SF:./core/lib\data\models\tv_model.dart
DA:5,6
DA:35,4
DA:36,2
DA:37,4
DA:38,2
DA:39,2
DA:40,4
DA:41,2
DA:42,2
DA:43,8
DA:44,8
DA:45,2
DA:46,2
DA:47,2
DA:48,2
DA:51,2
DA:52,1
DA:53,1
DA:54,1
DA:55,1
DA:56,1
DA:57,1
DA:58,1
DA:59,4
DA:60,4
DA:61,1
DA:62,1
DA:63,1
DA:64,1
DA:67,2
DA:68,2
DA:69,2
DA:70,2
DA:71,2
DA:72,2
DA:73,2
DA:74,2
DA:75,2
DA:76,2
DA:77,2
DA:78,2
DA:79,2
DA:80,2
DA:81,2
DA:85,2
DA:86,2
DA:87,2
DA:88,2
DA:89,2
DA:90,2
DA:91,2
DA:92,2
DA:93,2
DA:94,2
DA:95,2
DA:96,2
DA:97,2
DA:98,2
DA:99,2
LF:59
LH:59
end_of_record
SF:./core/lib\utils\failure.dart
DA:6,9
DA:8,2
DA:9,4
DA:13,11
DA:17,4
DA:21,6
DA:25,2
LF:7
LH:7
end_of_record
SF:./core/lib\utils\network_info.dart
DA:10,0
DA:12,0
DA:13,0
LF:3
LH:0
end_of_record
SF:./core/lib\data\models\movie_response.dart
DA:8,3
DA:10,4
DA:11,4
DA:12,6
DA:13,6
DA:16,2
DA:17,5
DA:20,1
DA:21,2
LF:9
LH:9
end_of_record
SF:./core/lib\data\models\tv_response.dart
DA:8,3
DA:10,4
DA:11,4
DA:12,6
DA:13,6
DA:16,2
DA:17,5
DA:20,1
DA:21,2
LF:9
LH:9
end_of_record
SF:./core/lib\data\models\genre_model.dart
DA:6,10
DA:14,10
DA:15,5
DA:16,5
DA:19,6
DA:20,3
DA:21,3
DA:24,5
DA:25,15
DA:28,5
DA:29,15
LF:11
LH:11
end_of_record
SF:./core/lib\data\models\season_model.dart
DA:6,6
DA:24,6
DA:25,3
DA:26,3
DA:27,3
DA:28,3
DA:29,3
DA:30,3
DA:31,3
DA:34,4
DA:35,2
DA:36,2
DA:37,2
DA:38,2
DA:39,2
DA:40,2
DA:41,2
DA:44,3
DA:45,3
DA:46,3
DA:47,3
DA:48,3
DA:49,3
DA:50,3
DA:51,3
DA:52,3
DA:56,3
DA:57,3
DA:58,3
DA:59,3
DA:60,3
DA:61,3
DA:62,3
DA:63,3
DA:64,3
LF:35
LH:35
end_of_record
SF:./core/lib\data\repositories\movie_repository_impl.dart
DA:20,1
DA:27,1
DA:29,3
DA:30,5
DA:31,1
DA:32,2
DA:33,1
DA:34,2
DA:39,1
DA:41,3
DA:42,2
DA:43,1
DA:44,2
DA:45,1
DA:46,2
DA:51,1
DA:53,3
DA:54,3
DA:55,1
DA:56,2
DA:57,1
DA:58,2
DA:63,1
DA:65,3
DA:66,5
DA:67,1
DA:68,2
DA:69,1
DA:70,2
DA:75,1
DA:77,3
DA:78,5
DA:79,1
DA:80,2
DA:81,1
DA:82,2
DA:87,1
DA:89,3
DA:90,5
DA:91,1
DA:92,2
DA:93,1
DA:94,2
DA:99,1
DA:102,4
DA:103,1
DA:104,1
DA:105,3
DA:112,1
DA:115,4
DA:116,1
DA:117,1
DA:118,3
DA:123,1
DA:124,3
DA:129,1
DA:130,3
DA:131,5
LF:58
LH:58
end_of_record
SF:./core/lib\data\repositories\tv_repository_impl.dart
DA:20,1
DA:27,1
DA:28,3
DA:30,3
DA:31,2
DA:32,4
DA:33,5
DA:34,1
DA:35,2
DA:39,3
DA:40,5
DA:41,1
DA:42,2
DA:48,1
DA:50,3
DA:51,5
DA:52,1
DA:53,2
DA:54,1
DA:55,2
DA:60,1
DA:62,3
DA:63,5
DA:64,1
DA:65,2
DA:66,1
DA:67,2
DA:72,1
DA:74,3
DA:75,2
DA:76,1
DA:77,2
DA:78,1
DA:79,2
DA:84,1
DA:86,3
DA:87,3
DA:88,1
DA:89,2
DA:90,1
DA:91,2
DA:96,1
DA:97,3
DA:98,5
DA:102,1
DA:103,3
DA:108,1
DA:111,4
DA:112,1
DA:113,1
DA:114,3
DA:121,1
DA:124,4
DA:125,1
DA:126,1
DA:127,3
DA:134,1
DA:136,3
DA:137,5
DA:138,1
DA:139,2
DA:140,1
DA:141,2
LF:63
LH:63
end_of_record
SF:./core/lib\domain\usecases\get_movie_detail.dart
DA:10,1
DA:12,1
DA:13,2
LF:3
LH:3
end_of_record
SF:./core/lib\domain\usecases\get_movie_recommendations.dart
DA:10,1
DA:12,1
DA:13,2
LF:3
LH:3
end_of_record
SF:./core/lib\domain\usecases\get_now_playing_movies.dart
DA:10,1
DA:12,1
DA:13,2
LF:3
LH:3
end_of_record
SF:./core/lib\domain\usecases\get_popular_movies.dart
DA:10,1
DA:12,1
DA:13,2
LF:3
LH:3
end_of_record
SF:./core/lib\domain\usecases\get_top_rated_movies.dart
DA:10,1
DA:12,1
DA:13,2
LF:3
LH:3
end_of_record
SF:./core/lib\domain\usecases\get_tv_detail.dart
DA:10,1
DA:12,1
DA:13,2
LF:3
LH:3
end_of_record
SF:./core/lib\domain\usecases\get_tv_on_the_air.dart
DA:10,1
DA:12,1
DA:13,2
LF:3
LH:3
end_of_record
SF:./core/lib\domain\usecases\get_tv_popular.dart
DA:10,1
DA:12,1
DA:13,2
LF:3
LH:3
end_of_record
SF:./core/lib\domain\usecases\get_tv_recommendations.dart
DA:10,1
DA:12,1
DA:13,2
LF:3
LH:3
end_of_record
SF:./core/lib\domain\usecases\get_tv_top_rated.dart
DA:10,1
DA:12,1
DA:13,2
LF:3
LH:3
end_of_record
SF:./core/lib\domain\usecases\get_tv_watchlist_status.dart
DA:6,1
DA:8,1
DA:9,2
LF:3
LH:3
end_of_record
SF:./core/lib\domain\usecases\get_watchlist_status.dart
DA:6,1
DA:8,1
DA:9,2
LF:3
LH:3
end_of_record
SF:./core/lib\domain\usecases\remove_tv_watchlist.dart
DA:10,1
DA:12,1
DA:13,2
LF:3
LH:3
end_of_record
SF:./core/lib\domain\usecases\remove_watchlist.dart
DA:10,1
DA:12,1
DA:13,2
LF:3
LH:3
end_of_record
SF:./core/lib\domain\usecases\save_tv_watchlist.dart
DA:10,1
DA:12,1
DA:13,2
LF:3
LH:3
end_of_record
SF:./core/lib\domain\usecases\save_watchlist.dart
DA:10,1
DA:12,1
DA:13,2
LF:3
LH:3
end_of_record
SF:./core/lib\domain\usecases\search_movies.dart
DA:10,1
DA:12,1
DA:13,2
LF:3
LH:3
end_of_record
SF:./core/lib\domain\usecases\search_tvs.dart
DA:10,1
DA:12,1
DA:13,2
LF:3
LH:3
end_of_record
SF:./core/lib\presentation\cubit\movie\detail\movie_detail_cubit.dart
DA:16,1
DA:22,2
DA:24,1
DA:25,3
DA:29,3
DA:31,1
DA:32,1
DA:33,3
DA:36,1
DA:39,1
DA:40,3
DA:41,3
DA:42,1
DA:43,0
DA:44,0
DA:45,0
DA:47,1
DA:48,3
DA:56,1
DA:57,3
DA:58,3
DA:62,1
DA:63,3
DA:65,1
DA:66,1
DA:67,4
DA:69,1
DA:70,3
DA:74,2
DA:77,1
DA:78,3
DA:80,1
DA:81,1
DA:82,4
DA:84,1
DA:85,3
DA:89,2
LF:37
LH:34
end_of_record
SF:./core/lib\presentation\cubit\movie\detail\movie_detail_state.dart
DA:13,2
DA:15,2
DA:17,16
DA:28,1
DA:39,1
DA:52,1
DA:53,1
DA:55,1
DA:56,1
DA:57,1
DA:58,1
DA:59,1
DA:60,1
DA:62,1
DA:66,1
DA:68,9
DA:70,2
DA:71,2
DA:72,2
DA:73,2
DA:74,2
DA:75,2
DA:76,2
DA:77,2
DA:78,2
DA:79,2
LF:26
LH:26
end_of_record
SF:./core/lib\presentation\cubit\movie\now_playing\movie_list_state.dart
DA:4,2
DA:6,1
DA:7,1
DA:17,2
DA:19,1
DA:20,2
DA:26,1
DA:28,1
DA:29,2
LF:9
LH:9
end_of_record
SF:./core/lib\presentation\cubit\movie\now_playing\movie_list_cubit.dart
DA:11,3
DA:13,1
DA:14,2
DA:15,3
DA:17,1
DA:18,4
DA:19,3
LF:7
LH:7
end_of_record
SF:./core/lib\presentation\cubit\movie\popular\movie_popular_state.dart
DA:4,4
DA:6,1
DA:7,1
DA:17,3
DA:19,1
DA:20,2
DA:26,2
DA:28,1
DA:29,2
LF:9
LH:9
end_of_record
SF:./core/lib\presentation\cubit\movie\popular\movie_popular_cubit.dart
DA:11,3
DA:13,1
DA:14,2
DA:15,3
DA:17,1
DA:18,4
DA:19,3
LF:7
LH:7
end_of_record
SF:./core/lib\presentation\cubit\movie\top_rated\movie_top_rated_cubit.dart
DA:11,3
DA:13,1
DA:14,2
DA:15,3
DA:17,1
DA:18,4
DA:19,3
LF:7
LH:7
end_of_record
SF:./core/lib\presentation\cubit\movie\top_rated\movie_top_rated_state.dart
DA:4,4
DA:6,1
DA:7,1
DA:17,3
DA:19,1
DA:20,2
DA:26,2
DA:28,1
DA:29,2
LF:9
LH:9
end_of_record
SF:./core/lib\presentation\cubit\tv_show\detail\tv_detail_state.dart
DA:13,2
DA:15,2
DA:17,16
DA:28,1
DA:39,1
DA:52,1
DA:53,1
DA:55,1
DA:56,1
DA:57,1
DA:58,1
DA:59,1
DA:60,1
DA:62,1
DA:66,1
DA:68,9
DA:70,2
DA:71,2
DA:72,2
DA:73,2
DA:74,2
DA:75,2
DA:76,2
DA:77,2
DA:78,2
DA:79,2
LF:26
LH:26
end_of_record
SF:./core/lib\presentation\cubit\tv_show\detail\tv_detail_cubit.dart
DA:16,1
DA:22,2
DA:24,1
DA:25,3
DA:29,3
DA:31,1
DA:32,1
DA:33,3
DA:36,1
DA:39,1
DA:40,3
DA:41,3
DA:42,1
DA:43,0
DA:44,0
DA:45,0
DA:47,1
DA:48,3
DA:56,1
DA:57,3
DA:58,3
DA:62,1
DA:63,3
DA:65,1
DA:66,1
DA:67,4
DA:69,1
DA:70,3
DA:74,2
DA:77,1
DA:78,3
DA:80,1
DA:81,1
DA:82,4
DA:84,1
DA:85,3
DA:89,2
LF:37
LH:34
end_of_record
SF:./core/lib\presentation\cubit\tv_show\now_airing\tv_list_cubit.dart
DA:11,3
DA:13,1
DA:14,2
DA:15,3
DA:17,1
DA:18,4
DA:19,3
LF:7
LH:7
end_of_record
SF:./core/lib\presentation\cubit\tv_show\now_airing\tv_list_state.dart
DA:4,2
DA:6,1
DA:7,1
DA:17,2
DA:19,1
DA:20,2
DA:26,1
DA:28,1
DA:29,2
LF:9
LH:9
end_of_record
SF:./core/lib\presentation\cubit\tv_show\popular\tv_popular_state.dart
DA:4,4
DA:6,1
DA:7,1
DA:17,3
DA:19,1
DA:20,2
DA:26,2
DA:28,1
DA:29,2
LF:9
LH:9
end_of_record
SF:./core/lib\presentation\cubit\tv_show\popular\tv_popular_cubit.dart
DA:11,3
DA:13,1
DA:14,2
DA:15,3
DA:17,1
DA:18,4
DA:19,3
LF:7
LH:7
end_of_record
SF:./core/lib\presentation\cubit\tv_show\top_rated\tv_top_rated_state.dart
DA:4,2
DA:6,0
DA:7,0
DA:17,1
DA:19,0
DA:20,0
DA:26,1
DA:28,0
DA:29,0
LF:9
LH:3
end_of_record
SF:./core/lib\presentation\cubit\tv_show\top_rated\tv_top_rated_cubit.dart
DA:11,0
DA:13,0
DA:14,0
DA:15,0
DA:17,0
DA:18,0
DA:19,0
LF:7
LH:0
end_of_record
SF:./core/lib\presentation\pages\movie\movie_detail_page.dart
DA:16,1
DA:18,1
DA:19,1
DA:23,1
DA:25,1
DA:26,5
DA:27,5
DA:30,1
DA:32,1
DA:33,1
DA:34,2
DA:35,1
DA:36,1
DA:41,1
DA:42,0
DA:43,3
DA:44,1
DA:45,1
DA:46,1
DA:49,0
DA:60,2
DA:62,1
DA:64,3
DA:66,1
DA:67,3
DA:68,1
DA:73,1
DA:74,1
DA:75,1
DA:76,3
DA:78,1
DA:81,0
DA:83,1
DA:85,1
DA:86,1
DA:87,1
DA:97,1
DA:98,1
DA:99,1
DA:101,1
DA:103,1
DA:105,1
DA:106,1
DA:107,2
DA:108,1
DA:110,1
DA:111,1
DA:112,1
DA:113,1
DA:114,1
DA:115,1
DA:116,1
DA:119,1
DA:120,1
DA:121,1
DA:124,1
DA:125,1
DA:126,1
DA:127,1
DA:129,1
DA:130,2
DA:133,0
DA:134,0
DA:137,1
DA:139,1
DA:140,1
DA:149,1
DA:150,3
DA:152,1
DA:153,3
DA:155,1
DA:156,1
DA:157,1
DA:158,3
DA:160,1
DA:166,4
DA:170,1
DA:172,1
DA:174,1
DA:175,2
DA:178,1
DA:180,1
DA:182,1
DA:183,1
DA:184,2
DA:188,1
DA:189,0
DA:190,1
DA:191,1
DA:193,1
DA:194,1
DA:196,1
DA:198,0
DA:199,0
DA:200,0
DA:202,0
DA:203,0
DA:204,0
DA:207,0
DA:210,0
DA:215,0
DA:217,0
DA:218,0
DA:224,0
DA:234,1
DA:238,0
DA:246,1
DA:248,1
DA:263,1
DA:265,1
DA:268,1
DA:270,0
DA:278,1
DA:280,2
DA:281,3
DA:284,1
DA:288,3
DA:291,1
DA:292,1
DA:293,1
DA:295,1
DA:296,1
DA:298,0
LF:123
LH:102
end_of_record
SF:./core/lib\presentation\pages\movie\movie_home_page.dart
DA:14,0
DA:16,0
DA:17,0
DA:21,0
DA:23,0
DA:24,0
DA:25,0
DA:26,0
DA:29,0
DA:31,0
DA:32,0
DA:35,0
DA:36,0
DA:37,0
DA:38,0
DA:44,0
DA:46,0
DA:47,0
DA:49,0
DA:50,0
DA:52,0
DA:54,0
DA:55,0
DA:56,0
DA:60,0
DA:61,0
DA:66,0
DA:68,0
DA:70,0
DA:71,0
DA:72,0
DA:76,0
DA:77,0
DA:82,0
DA:84,0
DA:86,0
DA:87,0
DA:88,0
DA:92,0
DA:93,0
DA:105,0
DA:106,0
DA:108,0
DA:109,0
DA:111,0
DA:113,0
DA:115,0
DA:117,0
DA:130,0
DA:132,0
DA:134,0
DA:136,0
DA:138,0
DA:139,0
DA:140,0
DA:142,0
DA:143,0
DA:144,0
DA:147,0
DA:150,0
DA:152,0
DA:153,0
DA:154,0
DA:157,0
DA:163,0
LF:65
LH:0
end_of_record
SF:./core/lib\presentation\pages\movie\popular_movies_page.dart
DA:8,1
DA:10,1
DA:11,1
DA:15,1
DA:17,1
DA:18,3
DA:21,1
DA:23,1
DA:24,1
DA:27,1
DA:29,1
DA:30,1
DA:31,1
DA:35,1
DA:36,1
DA:37,0
DA:38,0
DA:39,0
DA:41,2
DA:43,1
DA:44,1
DA:46,2
DA:49,0
LF:23
LH:19
end_of_record
SF:./core/lib\presentation\pages\movie\top_rated_movies_page.dart
DA:8,1
DA:10,1
DA:11,1
DA:15,1
DA:17,1
DA:18,3
DA:21,1
DA:23,1
DA:24,1
DA:27,1
DA:29,1
DA:30,1
DA:31,1
DA:36,1
DA:37,1
DA:39,0
DA:40,0
DA:41,0
DA:43,2
DA:45,1
DA:46,1
DA:48,2
DA:51,0
LF:23
LH:19
end_of_record
SF:./core/lib\presentation\pages\tvshow\home_tvshow_page.dart
DA:17,0
DA:19,0
DA:20,0
DA:24,0
DA:26,0
DA:27,0
DA:28,0
DA:29,0
DA:32,0
DA:34,0
DA:35,0
DA:37,0
DA:38,0
DA:39,0
DA:40,0
DA:46,0
DA:48,0
DA:49,0
DA:51,0
DA:52,0
DA:54,0
DA:56,0
DA:57,0
DA:58,0
DA:62,0
DA:63,0
DA:68,0
DA:70,0
DA:72,0
DA:73,0
DA:74,0
DA:78,0
DA:79,0
DA:84,0
DA:86,0
DA:88,0
DA:89,0
DA:90,0
DA:94,0
DA:95,0
DA:107,0
DA:108,0
DA:110,0
DA:111,0
DA:113,0
DA:115,0
DA:117,0
DA:119,0
DA:132,0
DA:134,0
DA:136,0
DA:138,0
DA:140,0
DA:141,0
DA:142,0
DA:144,0
DA:145,0
DA:146,0
DA:149,0
DA:152,0
DA:154,0
DA:155,0
DA:156,0
DA:159,0
DA:165,0
LF:65
LH:0
end_of_record
SF:./core/lib\presentation\pages\tvshow\popular_tvshow_page.dart
DA:8,1
DA:10,1
DA:11,1
DA:15,1
DA:17,1
DA:18,3
DA:21,1
DA:23,1
DA:24,1
DA:27,1
DA:29,1
DA:30,1
DA:31,1
DA:35,1
DA:36,1
DA:37,0
DA:38,0
DA:39,0
DA:41,2
DA:43,1
DA:44,1
DA:46,2
DA:49,0
LF:23
LH:19
end_of_record
SF:./core/lib\presentation\pages\tvshow\top_rated_tvshow_page.dart
DA:8,1
DA:10,1
DA:11,1
DA:15,1
DA:17,1
DA:18,3
DA:21,1
DA:23,1
DA:24,1
DA:27,1
DA:29,1
DA:30,1
DA:31,1
DA:35,1
DA:36,1
DA:37,0
DA:38,0
DA:39,0
DA:41,2
DA:43,1
DA:44,1
DA:46,2
DA:49,0
LF:23
LH:19
end_of_record
SF:./core/lib\presentation\pages\tvshow\tvshow_detail_page.dart
DA:17,1
DA:19,1
DA:20,1
DA:24,1
DA:26,1
DA:27,5
DA:28,5
DA:31,1
DA:33,1
DA:34,1
DA:35,2
DA:36,1
DA:37,1
DA:42,1
DA:43,0
DA:44,2
DA:45,1
DA:46,1
DA:47,1
DA:50,0
DA:61,2
DA:63,1
DA:65,3
DA:67,1
DA:68,1
DA:69,3
DA:72,1
DA:73,1
DA:74,1
DA:75,3
DA:77,1
DA:80,0
DA:82,1
DA:84,1
DA:85,1
DA:86,1
DA:96,1
DA:97,1
DA:98,1
DA:100,1
DA:102,1
DA:104,1
DA:105,1
DA:106,2
DA:107,1
DA:109,1
DA:110,1
DA:111,1
DA:112,1
DA:113,1
DA:114,1
DA:115,1
DA:118,1
DA:119,1
DA:120,1
DA:123,1
DA:124,1
DA:125,1
DA:126,1
DA:128,1
DA:129,2
DA:132,0
DA:133,0
DA:136,1
DA:138,1
DA:139,1
DA:148,1
DA:149,3
DA:151,1
DA:152,4
DA:154,1
DA:155,1
DA:156,1
DA:157,3
DA:159,1
DA:165,4
DA:169,1
DA:171,1
DA:173,1
DA:174,2
DA:177,1
DA:179,1
DA:181,3
DA:183,1
DA:185,1
DA:187,1
DA:188,1
DA:189,1
DA:193,1
DA:194,0
DA:195,1
DA:196,1
DA:198,1
DA:199,1
DA:201,1
DA:203,0
DA:204,0
DA:205,0
DA:207,0
DA:208,0
DA:209,0
DA:212,0
DA:215,0
DA:220,0
DA:222,0
DA:223,0
DA:229,0
DA:236,1
DA:240,0
DA:248,1
DA:250,1
DA:265,1
DA:267,1
DA:270,1
DA:272,0
DA:280,1
DA:281,1
DA:283,1
DA:284,1
DA:285,1
DA:286,1
DA:287,3
DA:289,5
DA:296,1
DA:298,2
DA:299,3
DA:302,1
DA:306,3
DA:309,1
DA:310,1
DA:311,1
DA:313,1
DA:314,0
DA:316,1
LF:134
LH:113
end_of_record
SF:./core/lib\presentation\widgets\custom_drawer.dart
DA:10,0
DA:12,0
DA:13,0
DA:20,0
DA:22,0
DA:23,0
DA:29,0
DA:31,0
DA:32,0
DA:33,0
DA:41,0
DA:42,0
DA:43,0
DA:44,0
DA:46,0
DA:47,0
DA:48,0
DA:50,0
DA:51,0
DA:52,0
DA:54,0
DA:55,0
DA:56,0
DA:63,0
DA:64,0
DA:65,0
DA:66,0
DA:71,0
DA:72,0
DA:73,0
DA:75,0
DA:77,0
DA:78,0
DA:79,0
DA:80,0
DA:81,0
DA:82,0
DA:83,0
DA:85,0
DA:86,0
DA:87,0
DA:88,0
DA:89,0
DA:90,0
DA:91,0
DA:93,0
LF:46
LH:0
end_of_record
SF:./core/lib\styles\text_styles.dart
DA:9,4
DA:10,2
DA:11,6
DA:13,0
DA:15,0
DA:19,0
DA:20,0
DA:21,0
DA:22,0
DA:23,0
LF:10
LH:3
end_of_record
SF:./core/lib\utils\state_enum.dart
DA:1,13
LF:1
LH:1
end_of_record
SF:./core/lib\presentation\widgets\movie_card_list.dart
DA:12,0
DA:14,0
DA:16,0
DA:18,0
DA:19,0
DA:22,0
DA:24,0
DA:26,0
DA:27,0
DA:28,0
DA:34,0
DA:36,0
DA:37,0
DA:38,0
DA:41,0
DA:44,0
DA:45,0
DA:53,0
DA:58,0
DA:60,0
DA:61,0
DA:63,0
DA:66,0
LF:23
LH:0
end_of_record
SF:./core/lib\presentation\widgets\tv_card_list.dart
DA:12,0
DA:14,0
DA:16,0
DA:18,0
DA:19,0
DA:22,0
DA:24,0
DA:26,0
DA:27,0
DA:28,0
DA:34,0
DA:36,0
DA:37,0
DA:38,0
DA:41,0
DA:44,0
DA:45,0
DA:53,0
DA:58,0
DA:60,0
DA:61,0
DA:63,0
DA:66,0
LF:23
LH:0
end_of_record
SF:./search/lib\domain\usecases\search_movies.dart
DA:9,1
DA:11,1
DA:12,2
LF:3
LH:3
end_of_record
SF:./search/lib\domain\usecases\search_tvs.dart
DA:9,1
DA:11,1
DA:12,2
LF:3
LH:3
end_of_record
SF:./search/lib\presentation\bloc\movie\search_bloc.dart
DA:18,3
DA:20,1
DA:25,1
DA:26,1
DA:32,1
DA:33,1
DA:34,1
DA:36,2
DA:37,3
DA:39,2
DA:40,1
DA:41,3
DA:43,1
DA:44,1
DA:45,2
DA:47,2
LF:16
LH:16
end_of_record
SF:./search/lib\presentation\bloc\movie\search_state.dart
DA:4,2
DA:6,1
DA:7,1
DA:19,2
DA:21,1
DA:22,2
DA:28,1
DA:30,1
DA:31,2
LF:9
LH:9
end_of_record
SF:./search/lib\presentation\bloc\movie\search_event.dart
DA:4,1
DA:6,0
DA:7,0
DA:13,1
DA:15,0
DA:16,0
LF:6
LH:2
end_of_record
SF:./search/lib\presentation\bloc\tv_show\tv_search_state.dart
DA:4,2
DA:6,1
DA:7,1
DA:19,2
DA:21,1
DA:22,2
DA:28,1
DA:30,1
DA:31,2
LF:9
LH:9
end_of_record
SF:./search/lib\presentation\bloc\tv_show\tv_search_event.dart
DA:4,1
DA:6,0
DA:7,0
DA:13,1
DA:15,0
DA:16,0
LF:6
LH:2
end_of_record
SF:./search/lib\presentation\bloc\tv_show\tv_search_bloc.dart
DA:18,3
DA:20,1
DA:25,1
DA:26,1
DA:32,1
DA:33,1
DA:34,1
DA:36,2
DA:37,3
DA:39,2
DA:40,1
DA:41,3
DA:43,1
DA:44,1
DA:45,2
DA:47,2
LF:16
LH:16
end_of_record
SF:./watchlist/lib\domain\usecases\movie_get_watchlist.dart
DA:9,1
DA:11,1
DA:12,2
LF:3
LH:3
end_of_record
SF:./watchlist/lib\domain\usecases\tv_show_get_watchlist.dart
DA:9,1
DA:11,1
DA:12,2
LF:3
LH:3
end_of_record
SF:./watchlist/lib\presentation\bloc\tv_show\tv_watchlist_state.dart
DA:4,2
DA:6,1
DA:7,1
DA:17,2
DA:19,1
DA:20,2
DA:26,1
DA:28,1
DA:29,2
LF:9
LH:9
end_of_record
SF:./watchlist/lib\presentation\bloc\tv_show\tv_watchlist_event.dart
DA:4,1
DA:6,0
DA:7,0
LF:3
LH:1
end_of_record
SF:./watchlist/lib\presentation\bloc\tv_show\tv_watchlist_bloc.dart
DA:15,3
DA:18,1
DA:19,1
DA:20,2
DA:21,3
DA:23,2
DA:24,1
DA:25,3
DA:27,1
DA:28,1
DA:29,0
DA:31,2
LF:12
LH:11
end_of_record
SF:./watchlist/lib\presentation\bloc\movie\movie_watchlist_event.dart
DA:4,1
DA:6,0
DA:7,0
LF:3
LH:1
end_of_record
SF:./watchlist/lib\presentation\bloc\movie\movie_watchlist_bloc.dart
DA:17,3
DA:20,1
DA:22,1
DA:23,2
DA:24,3
DA:26,2
DA:27,1
DA:28,3
DA:30,1
DA:31,1
DA:32,0
DA:34,2
LF:12
LH:11
end_of_record
SF:./watchlist/lib\presentation\bloc\movie\movie_watchlist_state.dart
DA:4,2
DA:6,1
DA:7,1
DA:17,2
DA:19,1
DA:20,2
DA:26,1
DA:28,1
DA:29,2
LF:9
LH:9
end_of_record
